{"/Users/hejinyu/Projects/cuCourseMap/backend/src/config/fireBaseKeyConfig.ts": {"path":"/Users/hejinyu/Projects/cuCourseMap/backend/src/config/fireBaseKeyConfig.ts","statementMap":{"0":{"start":{"line":2,"column":37},"end":{"line":16,"column":2}},"1":{"start":{"line":18,"column":0},"end":{"line":18,"column":27}}},"fnMap":{},"branchMap":{},"s":{"0":2,"1":2},"f":{},"b":{}}
,"/Users/hejinyu/Projects/cuCourseMap/backend/src/constant/db.ts": {"path":"/Users/hejinyu/Projects/cuCourseMap/backend/src/constant/db.ts","statementMap":{"0":{"start":{"line":1,"column":13},"end":{"line":4,"column":2}},"1":{"start":{"line":8,"column":28},"end":{"line":8,"column":43}},"2":{"start":{"line":8,"column":38},"end":{"line":8,"column":43}},"3":{"start":{"line":8,"column":13},"end":{"line":8,"column":28}}},"fnMap":{"0":{"name":"(anonymous_0)","decl":{"start":{"line":8,"column":28},"end":{"line":8,"column":29}},"loc":{"start":{"line":8,"column":38},"end":{"line":8,"column":43}}}},"branchMap":{},"s":{"0":3,"1":3,"2":3,"3":3},"f":{"0":3},"b":{}}
,"/Users/hejinyu/Projects/cuCourseMap/backend/src/services/firebase/documentOperation.ts": {"path":"/Users/hejinyu/Projects/cuCourseMap/backend/src/services/firebase/documentOperation.ts","statementMap":{"0":{"start":{"line":3,"column":0},"end":{"line":3,"column":22}},"1":{"start":{"line":33,"column":0},"end":{"line":33,"column":22}},"2":{"start":{"line":52,"column":0},"end":{"line":52,"column":22}},"3":{"start":{"line":70,"column":0},"end":{"line":70,"column":22}},"4":{"start":{"line":1,"column":0},"end":{"line":1,"column":38}},"5":{"start":{"line":9,"column":2},"end":{"line":29,"column":3}},"6":{"start":{"line":10,"column":44},"end":{"line":10,"column":57}},"7":{"start":{"line":11,"column":19},"end":{"line":11,"column":41}},"8":{"start":{"line":12,"column":4},"end":{"line":22,"column":5}},"9":{"start":{"line":13,"column":21},"end":{"line":13,"column":40}},"10":{"start":{"line":14,"column":6},"end":{"line":16,"column":9}},"11":{"start":{"line":15,"column":8},"end":{"line":15,"column":63}},"12":{"start":{"line":19,"column":6},"end":{"line":21,"column":9}},"13":{"start":{"line":20,"column":8},"end":{"line":20,"column":68}},"14":{"start":{"line":23,"column":4},"end":{"line":23,"column":16}},"15":{"start":{"line":25,"column":4},"end":{"line":27,"column":5}},"16":{"start":{"line":26,"column":6},"end":{"line":26,"column":49}},"17":{"start":{"line":28,"column":4},"end":{"line":28,"column":17}},"18":{"start":{"line":38,"column":2},"end":{"line":49,"column":3}},"19":{"start":{"line":39,"column":44},"end":{"line":39,"column":57}},"20":{"start":{"line":40,"column":19},"end":{"line":40,"column":54}},"21":{"start":{"line":41,"column":16},"end":{"line":41,"column":34}},"22":{"start":{"line":42,"column":4},"end":{"line":42,"column":28}},"23":{"start":{"line":43,"column":4},"end":{"line":43,"column":38}},"24":{"start":{"line":43,"column":20},"end":{"line":43,"column":38}},"25":{"start":{"line":45,"column":4},"end":{"line":48,"column":5}},"26":{"start":{"line":46,"column":6},"end":{"line":46,"column":49}},"27":{"start":{"line":47,"column":6},"end":{"line":47,"column":23}},"28":{"start":{"line":58,"column":42},"end":{"line":58,"column":55}},"29":{"start":{"line":59,"column":17},"end":{"line":59,"column":52}},"30":{"start":{"line":60,"column":2},"end":{"line":67,"column":7}},"31":{"start":{"line":63,"column":6},"end":{"line":63,"column":29}},"32":{"start":{"line":66,"column":6},"end":{"line":66,"column":18}},"33":{"start":{"line":75,"column":42},"end":{"line":75,"column":55}},"34":{"start":{"line":76,"column":17},"end":{"line":76,"column":52}},"35":{"start":{"line":77,"column":14},"end":{"line":77,"column":32}},"36":{"start":{"line":78,"column":2},"end":{"line":86,"column":3}},"37":{"start":{"line":79,"column":4},"end":{"line":81,"column":7}},"38":{"start":{"line":82,"column":4},"end":{"line":82,"column":16}},"39":{"start":{"line":85,"column":4},"end":{"line":85,"column":17}}},"fnMap":{"0":{"name":"addDoc","decl":{"start":{"line":3,"column":22},"end":{"line":3,"column":28}},"loc":{"start":{"line":7,"column":30},"end":{"line":30,"column":null}}},"1":{"name":"(anonymous_9)","decl":{"start":{"line":14,"column":34},"end":{"line":14,"column":37}},"loc":{"start":{"line":14,"column":39},"end":{"line":16,"column":7}}},"2":{"name":"(anonymous_10)","decl":{"start":{"line":19,"column":34},"end":{"line":19,"column":35}},"loc":{"start":{"line":19,"column":42},"end":{"line":21,"column":7}}},"3":{"name":"getDoc","decl":{"start":{"line":33,"column":22},"end":{"line":33,"column":28}},"loc":{"start":{"line":36,"column":17},"end":{"line":50,"column":null}}},"4":{"name":"updateDoc","decl":{"start":{"line":52,"column":22},"end":{"line":52,"column":31}},"loc":{"start":{"line":56,"column":32},"end":{"line":68,"column":null}}},"5":{"name":"(anonymous_15)","decl":{"start":{"line":62,"column":10},"end":{"line":62,"column":13}},"loc":{"start":{"line":62,"column":15},"end":{"line":64,"column":5}}},"6":{"name":"(anonymous_16)","decl":{"start":{"line":65,"column":11},"end":{"line":65,"column":12}},"loc":{"start":{"line":65,"column":21},"end":{"line":67,"column":5}}},"7":{"name":"delDoc","decl":{"start":{"line":70,"column":22},"end":{"line":70,"column":28}},"loc":{"start":{"line":73,"column":17},"end":{"line":87,"column":null}}},"8":{"name":"(anonymous_19)","decl":{"start":{"line":79,"column":31},"end":{"line":79,"column":34}},"loc":{"start":{"line":79,"column":36},"end":{"line":81,"column":5}}}},"branchMap":{"0":{"loc":{"start":{"line":12,"column":4},"end":{"line":22,"column":5}},"type":"if","locations":[{"start":{"line":12,"column":4},"end":{"line":22,"column":5}},{"start":{"line":17,"column":11},"end":{"line":22,"column":5}}]},"1":{"loc":{"start":{"line":25,"column":4},"end":{"line":27,"column":5}},"type":"if","locations":[{"start":{"line":25,"column":4},"end":{"line":27,"column":5}}]},"2":{"loc":{"start":{"line":43,"column":4},"end":{"line":43,"column":38}},"type":"if","locations":[{"start":{"line":43,"column":4},"end":{"line":43,"column":38}}]},"3":{"loc":{"start":{"line":45,"column":4},"end":{"line":48,"column":5}},"type":"if","locations":[{"start":{"line":45,"column":4},"end":{"line":48,"column":5}}]},"4":{"loc":{"start":{"line":78,"column":2},"end":{"line":86,"column":3}},"type":"if","locations":[{"start":{"line":78,"column":2},"end":{"line":86,"column":3}},{"start":{"line":83,"column":9},"end":{"line":86,"column":3}}]}},"s":{"0":1,"1":1,"2":1,"3":1,"4":1,"5":0,"6":0,"7":0,"8":0,"9":0,"10":0,"11":0,"12":0,"13":0,"14":0,"15":0,"16":0,"17":0,"18":1,"19":1,"20":1,"21":1,"22":1,"23":1,"24":1,"25":0,"26":0,"27":0,"28":0,"29":0,"30":0,"31":0,"32":0,"33":0,"34":0,"35":0,"36":0,"37":0,"38":0,"39":0},"f":{"0":0,"1":0,"2":0,"3":1,"4":0,"5":0,"6":0,"7":0,"8":0},"b":{"0":[0,0],"1":[0],"2":[1],"3":[0],"4":[0,0]}}
,"/Users/hejinyu/Projects/cuCourseMap/backend/src/services/firebase/documentsOperation.ts": {"path":"/Users/hejinyu/Projects/cuCourseMap/backend/src/services/firebase/documentsOperation.ts","statementMap":{"0":{"start":{"line":12,"column":0},"end":{"line":12,"column":22}},"1":{"start":{"line":27,"column":0},"end":{"line":27,"column":22}},"2":{"start":{"line":1,"column":0},"end":{"line":1,"column":38}},"3":{"start":{"line":16,"column":42},"end":{"line":16,"column":55}},"4":{"start":{"line":17,"column":56},"end":{"line":17,"column":78}},"5":{"start":{"line":18,"column":20},"end":{"line":18,"column":38}},"6":{"start":{"line":19,"column":2},"end":{"line":22,"column":3}},"7":{"start":{"line":20,"column":4},"end":{"line":20,"column":42}},"8":{"start":{"line":21,"column":4},"end":{"line":21,"column":14}},"9":{"start":{"line":23,"column":24},"end":{"line":23,"column":64}},"10":{"start":{"line":23,"column":57},"end":{"line":23,"column":63}},"11":{"start":{"line":24,"column":2},"end":{"line":24,"column":13}},"12":{"start":{"line":31,"column":42},"end":{"line":31,"column":55}},"13":{"start":{"line":32,"column":56},"end":{"line":32,"column":78}},"14":{"start":{"line":33,"column":20},"end":{"line":33,"column":38}},"15":{"start":{"line":34,"column":2},"end":{"line":37,"column":3}},"16":{"start":{"line":35,"column":4},"end":{"line":35,"column":42}},"17":{"start":{"line":36,"column":4},"end":{"line":36,"column":14}},"18":{"start":{"line":38,"column":40},"end":{"line":39,"column":null}},"19":{"start":{"line":39,"column":4},"end":{"line":39,"column":14}},"20":{"start":{"line":41,"column":2},"end":{"line":41,"column":13}}},"fnMap":{"0":{"name":"getAllDocsIds","decl":{"start":{"line":12,"column":22},"end":{"line":12,"column":35}},"loc":{"start":{"line":14,"column":17},"end":{"line":25,"column":null}}},"1":{"name":"(anonymous_9)","decl":{"start":{"line":23,"column":43},"end":{"line":23,"column":44}},"loc":{"start":{"line":23,"column":57},"end":{"line":23,"column":63}}},"2":{"name":"getAllDocs","decl":{"start":{"line":27,"column":22},"end":{"line":27,"column":32}},"loc":{"start":{"line":29,"column":17},"end":{"line":42,"column":null}}},"3":{"name":"(anonymous_12)","decl":{"start":{"line":38,"column":59},"end":{"line":38,"column":60}},"loc":{"start":{"line":39,"column":4},"end":{"line":39,"column":14}}}},"branchMap":{"0":{"loc":{"start":{"line":19,"column":2},"end":{"line":22,"column":3}},"type":"if","locations":[{"start":{"line":19,"column":2},"end":{"line":22,"column":3}}]},"1":{"loc":{"start":{"line":34,"column":2},"end":{"line":37,"column":3}},"type":"if","locations":[{"start":{"line":34,"column":2},"end":{"line":37,"column":3}}]}},"s":{"0":2,"1":2,"2":2,"3":1,"4":1,"5":1,"6":1,"7":0,"8":0,"9":1,"10":16,"11":1,"12":1,"13":1,"14":1,"15":1,"16":0,"17":0,"18":1,"19":16,"20":1},"f":{"0":1,"1":16,"2":1,"3":16},"b":{"0":[0],"1":[0]}}
,"/Users/hejinyu/Projects/cuCourseMap/backend/src/services/firebase/firebaseApp.ts": {"path":"/Users/hejinyu/Projects/cuCourseMap/backend/src/services/firebase/firebaseApp.ts","statementMap":{"0":{"start":{"line":1,"column":0},"end":{"line":1,"column":35}},"1":{"start":{"line":2,"column":0},"end":{"line":2,"column":57}},"2":{"start":{"line":3,"column":0},"end":{"line":3,"column":66}},"3":{"start":{"line":6,"column":23},"end":{"line":6,"column":52}},"4":{"start":{"line":8,"column":12},"end":{"line":10,"column":2}},"5":{"start":{"line":12,"column":45},"end":{"line":12,"column":62}},"6":{"start":{"line":13,"column":48},"end":{"line":13,"column":79}},"7":{"start":{"line":19,"column":13},"end":{"line":22,"column":2}}},"fnMap":{},"branchMap":{},"s":{"0":2,"1":2,"2":2,"3":2,"4":2,"5":2,"6":2,"7":2},"f":{},"b":{}}
,"/Users/hejinyu/Projects/cuCourseMap/backend/src/types/courses.ts": {"path":"/Users/hejinyu/Projects/cuCourseMap/backend/src/types/courses.ts","statementMap":{"0":{"start":{"line":1,"column":0},"end":{"line":1,"column":24}},"1":{"start":{"line":7,"column":13},"end":{"line":10,"column":3}},"2":{"start":{"line":12,"column":13},"end":{"line":24,"column":2}},"3":{"start":{"line":14,"column":4},"end":{"line":18,"column":5}},"4":{"start":{"line":15,"column":27},"end":{"line":15,"column":53}},"5":{"start":{"line":16,"column":19},"end":{"line":16,"column":43}},"6":{"start":{"line":17,"column":6},"end":{"line":17,"column":44}},"7":{"start":{"line":19,"column":4},"end":{"line":19,"column":15}},"8":{"start":{"line":21,"column":27},"end":{"line":21,"column":48}},"9":{"start":{"line":26,"column":13},"end":{"line":47,"column":3}},"10":{"start":{"line":30,"column":33},"end":{"line":30,"column":59}},"11":{"start":{"line":31,"column":8},"end":{"line":31,"column":43}},"12":{"start":{"line":34,"column":21},"end":{"line":34,"column":52}},"13":{"start":{"line":34,"column":40},"end":{"line":34,"column":51}},"14":{"start":{"line":40,"column":33},"end":{"line":40,"column":59}},"15":{"start":{"line":41,"column":8},"end":{"line":41,"column":43}},"16":{"start":{"line":44,"column":21},"end":{"line":44,"column":52}},"17":{"start":{"line":44,"column":40},"end":{"line":44,"column":51}},"18":{"start":{"line":48,"column":23},"end":{"line":55,"column":2}},"19":{"start":{"line":49,"column":2},"end":{"line":54,"column":3}},"20":{"start":{"line":50,"column":29},"end":{"line":50,"column":55}},"21":{"start":{"line":51,"column":4},"end":{"line":51,"column":39}},"22":{"start":{"line":52,"column":9},"end":{"line":54,"column":3}},"23":{"start":{"line":53,"column":4},"end":{"line":53,"column":19}},"24":{"start":{"line":58,"column":13},"end":{"line":70,"column":3}},"25":{"start":{"line":72,"column":13},"end":{"line":72,"column":66}},"26":{"start":{"line":74,"column":13},"end":{"line":74,"column":58}},"27":{"start":{"line":76,"column":13},"end":{"line":76,"column":67}},"28":{"start":{"line":78,"column":22},"end":{"line":123,"column":2}},"29":{"start":{"line":124,"column":13},"end":{"line":130,"column":2}},"30":{"start":{"line":127,"column":14},"end":{"line":127,"column":57}},"31":{"start":{"line":136,"column":13},"end":{"line":162,"column":3}},"32":{"start":{"line":141,"column":14},"end":{"line":141,"column":57}},"33":{"start":{"line":144,"column":23},"end":{"line":144,"column":34}},"34":{"start":{"line":154,"column":25},"end":{"line":154,"column":74}},"35":{"start":{"line":164,"column":13},"end":{"line":164,"column":56}}},"fnMap":{"0":{"name":"(anonymous_0)","decl":{"start":{"line":13,"column":2},"end":{"line":13,"column":3}},"loc":{"start":{"line":13,"column":10},"end":{"line":20,"column":3}}},"1":{"name":"(anonymous_1)","decl":{"start":{"line":21,"column":18},"end":{"line":21,"column":19}},"loc":{"start":{"line":21,"column":27},"end":{"line":21,"column":48}}},"2":{"name":"(anonymous_2)","decl":{"start":{"line":29,"column":27},"end":{"line":29,"column":28}},"loc":{"start":{"line":29,"column":35},"end":{"line":32,"column":7}}},"3":{"name":"(anonymous_3)","decl":{"start":{"line":34,"column":12},"end":{"line":34,"column":13}},"loc":{"start":{"line":34,"column":21},"end":{"line":34,"column":52}}},"4":{"name":"(anonymous_4)","decl":{"start":{"line":34,"column":31},"end":{"line":34,"column":32}},"loc":{"start":{"line":34,"column":40},"end":{"line":34,"column":51}}},"5":{"name":"(anonymous_5)","decl":{"start":{"line":39,"column":27},"end":{"line":39,"column":28}},"loc":{"start":{"line":39,"column":35},"end":{"line":42,"column":7}}},"6":{"name":"(anonymous_6)","decl":{"start":{"line":44,"column":12},"end":{"line":44,"column":13}},"loc":{"start":{"line":44,"column":21},"end":{"line":44,"column":52}}},"7":{"name":"(anonymous_7)","decl":{"start":{"line":44,"column":31},"end":{"line":44,"column":32}},"loc":{"start":{"line":44,"column":40},"end":{"line":44,"column":51}}},"8":{"name":"(anonymous_8)","decl":{"start":{"line":48,"column":44},"end":{"line":48,"column":45}},"loc":{"start":{"line":48,"column":52},"end":{"line":55,"column":1}}},"9":{"name":"(anonymous_9)","decl":{"start":{"line":127,"column":4},"end":{"line":127,"column":5}},"loc":{"start":{"line":127,"column":14},"end":{"line":127,"column":57}}},"10":{"name":"(anonymous_10)","decl":{"start":{"line":141,"column":4},"end":{"line":141,"column":5}},"loc":{"start":{"line":141,"column":14},"end":{"line":141,"column":57}}},"11":{"name":"(anonymous_11)","decl":{"start":{"line":144,"column":14},"end":{"line":144,"column":15}},"loc":{"start":{"line":144,"column":23},"end":{"line":144,"column":34}}},"12":{"name":"(anonymous_12)","decl":{"start":{"line":154,"column":15},"end":{"line":154,"column":16}},"loc":{"start":{"line":154,"column":25},"end":{"line":154,"column":74}}}},"branchMap":{"0":{"loc":{"start":{"line":14,"column":4},"end":{"line":18,"column":5}},"type":"if","locations":[{"start":{"line":14,"column":4},"end":{"line":18,"column":5}}]},"1":{"loc":{"start":{"line":49,"column":2},"end":{"line":54,"column":3}},"type":"if","locations":[{"start":{"line":49,"column":2},"end":{"line":54,"column":3}},{"start":{"line":52,"column":9},"end":{"line":54,"column":3}}]},"2":{"loc":{"start":{"line":52,"column":9},"end":{"line":54,"column":3}},"type":"if","locations":[{"start":{"line":52,"column":9},"end":{"line":54,"column":3}}]},"3":{"loc":{"start":{"line":127,"column":14},"end":{"line":127,"column":57}},"type":"cond-expr","locations":[{"start":{"line":127,"column":40},"end":{"line":127,"column":51}},{"start":{"line":127,"column":54},"end":{"line":127,"column":57}}]},"4":{"loc":{"start":{"line":141,"column":14},"end":{"line":141,"column":57}},"type":"cond-expr","locations":[{"start":{"line":141,"column":40},"end":{"line":141,"column":51}},{"start":{"line":141,"column":54},"end":{"line":141,"column":57}}]},"5":{"loc":{"start":{"line":154,"column":25},"end":{"line":154,"column":74}},"type":"cond-expr","locations":[{"start":{"line":154,"column":45},"end":{"line":154,"column":68}},{"start":{"line":154,"column":71},"end":{"line":154,"column":74}}]}},"s":{"0":1,"1":1,"2":1,"3":434,"4":0,"5":0,"6":0,"7":434,"8":0,"9":1,"10":0,"11":0,"12":0,"13":0,"14":0,"15":0,"16":0,"17":0,"18":1,"19":0,"20":0,"21":0,"22":0,"23":0,"24":1,"25":1,"26":1,"27":1,"28":1,"29":1,"30":40,"31":1,"32":17,"33":17,"34":17,"35":1},"f":{"0":434,"1":0,"2":0,"3":0,"4":0,"5":0,"6":0,"7":0,"8":0,"9":40,"10":17,"11":17,"12":17},"b":{"0":[0],"1":[0,0],"2":[0],"3":[0,40],"4":[0,17],"5":[0,17]}}
}
