TN:
SF:src/server.ts
FNF:0
FNH:0
DA:1,1
DA:3,1
DA:4,1
DA:9,1
DA:11,1
DA:13,1
DA:15,1
LF:7
LH:7
BRF:0
BRH:0
end_of_record
TN:
SF:src/config/fireBaseKeyConfig.ts
FNF:0
FNH:0
DA:17,4
DA:33,4
LF:2
LH:2
BRF:0
BRH:0
end_of_record
TN:
SF:src/config/serverConfig.ts
FNF:0
FNH:0
DA:1,1
DA:2,1
DA:3,1
LF:3
LH:3
BRDA:2,0,0,1
BRDA:2,0,1,0
BRF:2
BRH:1
end_of_record
TN:
SF:src/constant/db.ts
FN:8,(anonymous_0)
FNF:1
FNH:0
FNDA:0,(anonymous_0)
DA:1,3
DA:8,3
LF:2
LH:2
BRF:0
BRH:0
end_of_record
TN:
SF:src/controllers/courses.ts
FN:12,(anonymous_7)
FN:15,(anonymous_8)
FNF:2
FNH:0
FNDA:0,(anonymous_7)
FNDA:0,(anonymous_8)
DA:2,1
DA:8,1
DA:9,1
DA:10,1
DA:11,1
DA:12,1
DA:15,0
DA:16,0
DA:17,0
DA:18,0
DA:19,0
DA:23,0
DA:25,0
DA:30,0
DA:31,0
DA:32,0
DA:34,0
DA:37,0
DA:38,0
DA:42,0
DA:43,0
DA:48,0
DA:49,0
DA:50,0
DA:55,0
LF:25
LH:6
BRDA:23,0,0,0
BRDA:23,0,1,0
BRDA:31,1,0,0
BRDA:31,1,1,0
BRDA:37,2,0,0
BRDA:42,3,0,0
BRDA:48,4,0,0
BRF:7
BRH:0
end_of_record
TN:
SF:src/controllers/coursesId.ts
FN:14,(anonymous_7)
FN:14,(anonymous_8)
FN:27,(anonymous_9)
FNF:3
FNH:0
FNDA:0,(anonymous_7)
FNDA:0,(anonymous_8)
FNDA:0,(anonymous_9)
DA:2,1
DA:8,1
DA:9,1
DA:13,1
DA:14,1
DA:15,0
DA:16,0
DA:17,0
DA:18,0
DA:19,0
DA:20,0
DA:21,0
DA:22,0
DA:23,0
DA:26,0
DA:27,0
DA:30,0
DA:31,0
DA:32,0
DA:33,0
DA:37,0
DA:39,0
DA:40,0
DA:42,0
DA:43,0
DA:44,0
DA:49,0
LF:27
LH:5
BRDA:18,0,0,0
BRDA:18,0,1,0
BRDA:20,1,0,0
BRDA:42,2,0,0
BRF:4
BRH:0
end_of_record
TN:
SF:src/controllers/example_controller.ts
FN:3,(anonymous_0)
FNF:1
FNH:1
FNDA:1,(anonymous_0)
DA:3,1
DA:5,1
LF:2
LH:2
BRF:0
BRH:0
end_of_record
TN:
SF:src/middleware/cors.ts
FN:3,(anonymous_0)
FNF:1
FNH:1
FNDA:1,(anonymous_0)
DA:3,1
DA:4,1
DA:5,1
DA:9,1
DA:12,1
DA:13,0
DA:14,0
DA:17,1
DA:20,1
LF:9
LH:7
BRDA:12,0,0,0
BRF:1
BRH:0
end_of_record
TN:
SF:src/routes/courses.ts
FNF:0
FNH:0
DA:1,1
DA:2,1
DA:3,1
DA:4,1
DA:6,1
DA:7,1
DA:8,1
DA:9,1
DA:10,1
LF:9
LH:9
BRF:0
BRH:0
end_of_record
TN:
SF:src/services/firebase/documentOperation.ts
FN:4,addDoc
FN:15,(anonymous_9)
FN:20,(anonymous_10)
FN:34,getDoc
FN:53,updateDoc
FN:63,(anonymous_15)
FN:66,(anonymous_16)
FN:71,delDoc
FN:80,(anonymous_19)
FN:90,getDocByQuery
FN:106,(anonymous_22)
FNF:11
FNH:3
FNDA:0,addDoc
FNDA:0,(anonymous_9)
FNDA:0,(anonymous_10)
FNDA:1,getDoc
FNDA:0,updateDoc
FNDA:0,(anonymous_15)
FNDA:0,(anonymous_16)
FNDA:0,delDoc
FNDA:0,(anonymous_19)
FNDA:3,getDocByQuery
FNDA:158,(anonymous_22)
DA:2,2
DA:4,2
DA:10,0
DA:11,0
DA:12,0
DA:13,0
DA:14,0
DA:15,0
DA:16,0
DA:20,0
DA:21,0
DA:24,0
DA:26,0
DA:27,0
DA:29,0
DA:34,2
DA:39,1
DA:40,1
DA:41,1
DA:42,1
DA:43,1
DA:44,1
DA:46,0
DA:47,0
DA:48,0
DA:53,2
DA:59,0
DA:60,0
DA:61,0
DA:64,0
DA:67,0
DA:71,2
DA:76,0
DA:77,0
DA:78,0
DA:79,0
DA:80,0
DA:83,0
DA:86,0
DA:90,2
DA:95,3
DA:96,3
DA:97,3
DA:98,3
DA:99,4
DA:105,3
DA:106,158
DA:107,3
LF:48
LH:20
BRDA:13,0,0,0
BRDA:13,0,1,0
BRDA:26,1,0,0
BRDA:44,2,0,1
BRDA:46,3,0,0
BRDA:79,4,0,0
BRDA:79,4,1,0
BRF:7
BRH:1
end_of_record
TN:
SF:src/services/firebase/documentsOperation.ts
FN:12,getAllCollectionsIds
FN:15,(anonymous_9)
FN:19,getAllDocsIds
FN:30,(anonymous_12)
FN:34,getAllDocs
FN:45,(anonymous_15)
FNF:6
FNH:6
FNDA:1,getAllCollectionsIds
FNDA:8,(anonymous_9)
FNDA:1,getAllDocsIds
FNDA:16,(anonymous_12)
FNDA:1,getAllDocs
FNDA:16,(anonymous_15)
DA:1,2
DA:12,2
DA:13,1
DA:14,1
DA:15,8
DA:16,1
DA:19,2
DA:23,1
DA:24,1
DA:25,1
DA:26,1
DA:27,0
DA:28,0
DA:30,16
DA:31,1
DA:34,2
DA:38,1
DA:39,1
DA:40,1
DA:41,1
DA:42,0
DA:43,0
DA:45,1
DA:46,16
DA:48,1
LF:25
LH:21
BRDA:26,0,0,0
BRDA:41,1,0,0
BRF:2
BRH:0
end_of_record
TN:
SF:src/services/firebase/firebaseApp.ts
FNF:0
FNH:0
DA:1,3
DA:2,3
DA:3,3
DA:6,3
DA:8,3
DA:12,3
DA:13,3
DA:19,3
LF:8
LH:8
BRF:0
BRH:0
end_of_record
TN:
SF:src/types/config.ts
FN:17,(anonymous_0)
FNF:1
FNH:1
FNDA:1,(anonymous_0)
DA:1,1
DA:3,1
DA:17,1
DA:18,1
LF:4
LH:4
BRF:0
BRH:0
end_of_record
TN:
SF:src/types/courses.ts
FN:13,(anonymous_0)
FN:21,(anonymous_1)
FN:29,(anonymous_2)
FN:34,(anonymous_3)
FN:34,(anonymous_4)
FN:39,(anonymous_5)
FN:44,(anonymous_6)
FN:44,(anonymous_7)
FN:48,(anonymous_8)
FN:127,(anonymous_9)
FN:141,(anonymous_10)
FN:144,(anonymous_11)
FN:154,(anonymous_12)
FNF:13
FNH:5
FNDA:473,(anonymous_0)
FNDA:0,(anonymous_1)
FNDA:0,(anonymous_2)
FNDA:0,(anonymous_3)
FNDA:0,(anonymous_4)
FNDA:0,(anonymous_5)
FNDA:0,(anonymous_6)
FNDA:0,(anonymous_7)
FNDA:0,(anonymous_8)
FNDA:40,(anonymous_9)
FNDA:17,(anonymous_10)
FNDA:17,(anonymous_11)
FNDA:17,(anonymous_12)
DA:1,2
DA:7,2
DA:12,2
DA:14,473
DA:15,0
DA:16,0
DA:17,0
DA:19,473
DA:21,0
DA:26,2
DA:30,0
DA:31,0
DA:34,0
DA:40,0
DA:41,0
DA:44,0
DA:48,2
DA:49,0
DA:50,0
DA:51,0
DA:52,0
DA:53,0
DA:58,2
DA:72,2
DA:74,2
DA:76,2
DA:78,2
DA:124,2
DA:127,40
DA:136,2
DA:141,17
DA:144,17
DA:154,17
DA:164,2
LF:34
LH:19
BRDA:14,0,0,0
BRDA:49,1,0,0
BRDA:49,1,1,0
BRDA:52,2,0,0
BRDA:127,3,0,0
BRDA:127,3,1,40
BRDA:141,4,0,0
BRDA:141,4,1,17
BRDA:154,5,0,0
BRDA:154,5,1,17
BRF:10
BRH:3
end_of_record
TN:
SF:src/types/fireBaseQuery.ts
FNF:0
FNH:0
DA:1,1
DA:2,1
DA:14,1
LF:3
LH:3
BRF:0
BRH:0
end_of_record
TN:
SF:src/types/getCourses.ts
FN:3,(anonymous_0)
FNF:1
FNH:0
FNDA:0,(anonymous_0)
DA:1,1
DA:2,1
DA:3,0
DA:7,1
LF:4
LH:3
BRF:0
BRH:0
end_of_record
TN:
SF:src/types/getCoursesId.ts
FN:10,(anonymous_0)
FNF:1
FNH:0
FNDA:0,(anonymous_0)
DA:1,1
DA:4,1
DA:10,0
DA:12,1
LF:4
LH:3
BRF:0
BRH:0
end_of_record
